<?xml version="1.0" encoding="UTF-8" ?>
<testsuite errors="1" failures="0" hostname="oalpha-HP-2000-Notebook-PC" name="edu.fgcu.stesting.uiesg.Test" skipped="0" tests="1" time="0.0" timestamp="2015-04-23T05:46:25">
  <properties>
    <property name="java.vendor" value="Oracle Corporation" />
    <property name="ant.file.UI Efficiency Statistics Generator" value="/mnt/Work-School-All/000/Workspace/Software-Testing/UIESG/build.xml" />
    <property name="sun.java.launcher" value="SUN_STANDARD" />
    <property name="eclipse.pdebuild.templates" value="/usr/lib/eclipse/luna/eclipse/../../../../../home/oalpha/.eclipse/org.eclipse.platform_4.4.1_22880240_linux_gtk_x86_64/plugins/org.eclipse.pde.build_3.9.0.v20140415-2029/templates//" />
    <property name="sun.management.compiler" value="HotSpot 64-Bit Tiered Compilers" />
    <property name="os.name" value="Linux" />
    <property name="sun.boot.class.path" value="/usr/lib/jvm/java-8-oracle/jre/lib/resources.jar:/usr/lib/jvm/java-8-oracle/jre/lib/rt.jar:/usr/lib/jvm/java-8-oracle/jre/lib/sunrsasign.jar:/usr/lib/jvm/java-8-oracle/jre/lib/jsse.jar:/usr/lib/jvm/java-8-oracle/jre/lib/jce.jar:/usr/lib/jvm/java-8-oracle/jre/lib/charsets.jar:/usr/lib/jvm/java-8-oracle/jre/lib/jfr.jar:/usr/lib/jvm/java-8-oracle/jre/classes" />
    <property name="reports.jacoco.dir" value="reports/coverage" />
    <property name="sun.desktop" value="gnome" />
    <property name="java.vm.specification.vendor" value="Oracle Corporation" />
    <property name="ant.home" value="/usr/lib/eclipse/luna/eclipse/plugins/org.apache.ant_1.9.2.v201404171502" />
    <property name="java.runtime.version" value="1.8.0_45-b14" />
    <property name="test.build.dir" value="bin/test/classes" />
    <property name="user.name" value="oalpha" />
    <property name="build.dir" value="bin/classes" />
    <property name="user.language" value="en" />
    <property name="sun.boot.library.path" value="/usr/lib/jvm/java-8-oracle/jre/lib/amd64" />
    <property name="ant.project.default-target" value="build" />
    <property name="doc.dir" value="doc" />
    <property name="ant.project.name" value="UI Efficiency Statistics Generator" />
    <property name="java.version" value="1.8.0_45" />
    <property name="user.timezone" value="America/New_York" />
    <property name="sun.arch.data.model" value="64" />
    <property name="test.src.dir" value="src/test/java" />
    <property name="java.endorsed.dirs" value="/usr/lib/jvm/java-8-oracle/jre/lib/endorsed" />
    <property name="sun.cpu.isalist" value="" />
    <property name="sun.jnu.encoding" value="UTF-8" />
    <property name="file.encoding.pkg" value="sun.io" />
    <property name="file.separator" value="/" />
    <property name="java.specification.name" value="Java Platform API Specification" />
    <property name="java.class.version" value="52.0" />
    <property name="user.country" value="US" />
    <property name="java.home" value="/usr/lib/jvm/java-8-oracle/jre" />
    <property name="java.vm.info" value="mixed mode" />
    <property name="uiesg.pack" value="edu.fgcu.stesting.uiesg" />
    <property name="ant.file" value="/mnt/Work-School-All/000/Workspace/Software-Testing/UIESG/build.xml" />
    <property name="os.version" value="3.13.0-49-generic" />
    <property name="path.separator" value=":" />
    <property name="jacoco.exc" value="edu.fgcu.stesting.uiesg.*Test:edu.fgcu.stesting.uiesg.data.*Test:edu.fgcu.stesting.uiesg.browser.*Test:edu.fgcu.stesting.uiesg.data.mock.*Mock" />
    <property name="java.vm.version" value="25.45-b02" />
    <property name="ant.library.dir" value="/usr/lib/eclipse/luna/eclipse/plugins/org.apache.ant_1.9.2.v201404171502/lib" />
    <property name="test.doc.dir" value="testdoc" />
    <property name="java.awt.printerjob" value="sun.print.PSPrinterJob" />
    <property name="sun.io.unicode.encoding" value="UnicodeLittle" />
    <property name="awt.toolkit" value="sun.awt.X11.XToolkit" />
    <property name="_jacoco.agentFile" value="/tmp/jacocoagent6925837634585250996.jar" />
    <property name="ant.file.type.UI Efficiency Statistics Generator" value="file" />
    <property name="eclipse.pdebuild.scripts" value="/usr/lib/eclipse/luna/eclipse/../../../../../home/oalpha/.eclipse/org.eclipse.platform_4.4.1_22880240_linux_gtk_x86_64/plugins/org.eclipse.pde.build_3.9.0.v20140415-2029/scripts//" />
    <property name="user.home" value="/home/oalpha" />
    <property name="java.specification.vendor" value="Oracle Corporation" />
    <property name="java.library.path" value="/usr/java/packages/lib/amd64:/usr/lib64:/lib64:/lib:/usr/lib" />
    <property name="java.vendor.url" value="http://java.oracle.com/" />
    <property name="java.vm.vendor" value="Oracle Corporation" />
    <property name="java.runtime.name" value="Java(TM) SE Runtime Environment" />
    <property name="sun.java.command" value="org.apache.tools.ant.taskdefs.optional.junit.JUnitTestRunner edu.fgcu.stesting.uiesg.Test filtertrace=true haltOnError=false haltOnFailure=false formatter=org.apache.tools.ant.taskdefs.optional.junit.SummaryJUnitResultFormatter showoutput=false outputtoformatters=true logfailedtests=true logtestlistenerevents=false formatter=org.apache.tools.ant.taskdefs.optional.junit.XMLJUnitResultFormatter,/mnt/Work-School-All/000/Workspace/Software-Testing/UIESG/reports/test/TEST-edu.fgcu.stesting.uiesg.Test.xml crashfile=/mnt/Work-School-All/000/Workspace/Software-Testing/UIESG/junitvmwatcher5093384076598095122.properties propsfile=/mnt/Work-School-All/000/Workspace/Software-Testing/UIESG/junit2764401854686380570.properties" />
    <property name="java.class.path" value="/mnt/Work-School-All/000/Workspace/Software-Testing/UIESG/jars/hamcrest-all-1.3.jar:/mnt/Work-School-All/000/Workspace/Software-Testing/UIESG/jars/jacocoagent.jar:/mnt/Work-School-All/000/Workspace/Software-Testing/UIESG/jars/jacocoant.jar:/mnt/Work-School-All/000/Workspace/Software-Testing/UIESG/jars/javafx-mx.jar:/mnt/Work-School-All/000/Workspace/Software-Testing/UIESG/jars/junit4.jar:/mnt/Work-School-All/000/Workspace/Software-Testing/UIESG/jars/org.jacoco.agent-0.7.4.201502262128.jar:/mnt/Work-School-All/000/Workspace/Software-Testing/UIESG/jars/org.jacoco.ant-0.7.4.201502262128.jar:/mnt/Work-School-All/000/Workspace/Software-Testing/UIESG/jars/org.jacoco.core-0.7.4.201502262128.jar:/mnt/Work-School-All/000/Workspace/Software-Testing/UIESG/jars/org.jacoco.report-0.7.4.201502262128.jar:/usr/lib/eclipse/luna/eclipse/plugins/org.apache.ant_1.9.2.v201404171502/lib/ant-launcher.jar:/usr/lib/eclipse/luna/eclipse/plugins/org.apache.ant_1.9.2.v201404171502/lib/ant.jar:/usr/lib/eclipse/luna/eclipse/plugins/org.apache.ant_1.9.2.v201404171502/lib/ant-junit.jar:/usr/lib/eclipse/luna/eclipse/plugins/org.apache.ant_1.9.2.v201404171502/lib/ant-junit4.jar:/tmp/jacocoagent6925837634585250996.jar" />
    <property name="ant.version" value="Apache Ant(TM) version 1.9.2 compiled on July 8 2013" />
    <property name="java.vm.specification.name" value="Java Virtual Machine Specification" />
    <property name="jars.dir" value="jars" />
    <property name="java.vm.specification.version" value="1.8" />
    <property name="sun.cpu.endian" value="little" />
    <property name="sun.os.patch.level" value="unknown" />
    <property name="reports.test.dir" value="reports/test" />
    <property name="eclipse.pdebuild.home" value="/usr/lib/eclipse/luna/eclipse/../../../../../home/oalpha/.eclipse/org.eclipse.platform_4.4.1_22880240_linux_gtk_x86_64/plugins/org.eclipse.pde.build_3.9.0.v20140415-2029/.//" />
    <property name="java.io.tmpdir" value="/tmp" />
    <property name="java.vendor.url.bug" value="http://bugreport.sun.com/bugreport/" />
    <property name="os.arch" value="amd64" />
    <property name="java.awt.graphicsenv" value="sun.awt.X11GraphicsEnvironment" />
    <property name="java.ext.dirs" value="/usr/lib/jvm/java-8-oracle/jre/lib/ext:/usr/java/packages/lib/ext" />
    <property name="user.dir" value="/mnt/Work-School-All/000/Workspace/Software-Testing/UIESG" />
    <property name="line.separator" value="&#xa;" />
    <property name="java.vm.name" value="Java HotSpot(TM) 64-Bit Server VM" />
    <property name="basedir" value="/mnt/Work-School-All/000/Workspace/Software-Testing/UIESG" />
    <property name="ant.java.version" value="1.8" />
    <property name="ant.core.lib" value="/usr/lib/eclipse/luna/eclipse/plugins/org.apache.ant_1.9.2.v201404171502/lib/ant.jar" />
    <property name="file.encoding" value="UTF-8" />
    <property name="java.specification.version" value="1.8" />
    <property name="src.dir" value="src/main/java" />
    <property name="ant.project.invoked-targets" value="test" />
  </properties>
  <error message="edu.fgcu.stesting.uiesg.Test" type="java.lang.ClassNotFoundException">java.lang.ClassNotFoundException: edu.fgcu.stesting.uiesg.Test
	at java.net.URLClassLoader.findClass(URLClassLoader.java:381)
	at java.lang.ClassLoader.loadClass(ClassLoader.java:424)
	at sun.misc.Launcher$AppClassLoader.loadClass(Launcher.java:331)
	at java.lang.ClassLoader.loadClass(ClassLoader.java:357)
	at java.lang.Class.forName0(Native Method)
	at java.lang.Class.forName(Class.java:264)
</error>
  <system-out><![CDATA[]]></system-out>
  <system-err><![CDATA[]]></system-err>
</testsuite>
