<?xml version="1.0" encoding="UTF-8" ?>
<testsuite errors="3" failures="0" hostname="oalpha-HP-2000-Notebook-PC" name="edu.fgcu.stesting.uiesg.data.GraphOutputDataUnitTest" skipped="0" tests="3" time="0.723" timestamp="2015-03-26T19:06:26">
  <properties>
    <property name="java.vendor" value="Oracle Corporation" />
    <property name="ant.file.UI Efficiency Statistics Generator" value="/mnt/Work-School-All/000/Workspace/Software-Testing/UIESG/build.xml" />
    <property name="sun.java.launcher" value="SUN_STANDARD" />
    <property name="sun.management.compiler" value="HotSpot 64-Bit Tiered Compilers" />
    <property name="os.name" value="Linux" />
    <property name="sun.boot.class.path" value="/usr/local/java/jdk1.8.0_25/jre/lib/resources.jar:/usr/local/java/jdk1.8.0_25/jre/lib/rt.jar:/usr/local/java/jdk1.8.0_25/jre/lib/sunrsasign.jar:/usr/local/java/jdk1.8.0_25/jre/lib/jsse.jar:/usr/local/java/jdk1.8.0_25/jre/lib/jce.jar:/usr/local/java/jdk1.8.0_25/jre/lib/charsets.jar:/usr/local/java/jdk1.8.0_25/jre/lib/jfr.jar:/usr/local/java/jdk1.8.0_25/jre/classes" />
    <property name="reports.unit.dir" value="reports/unit" />
    <property name="reports.jacoco.dir" value="reports/coverage" />
    <property name="sun.desktop" value="gnome" />
    <property name="java.vm.specification.vendor" value="Oracle Corporation" />
    <property name="ant.home" value="/usr/share/ant" />
    <property name="java.runtime.version" value="1.8.0_25-b17" />
    <property name="test.build.dir" value="bin/test/classes" />
    <property name="user.name" value="oalpha" />
    <property name="build.dir" value="bin/classes" />
    <property name="user.language" value="en" />
    <property name="sun.boot.library.path" value="/usr/local/java/jdk1.8.0_25/jre/lib/amd64" />
    <property name="ant.project.default-target" value="build" />
    <property name="doc.dir" value="doc" />
    <property name="ant.project.name" value="UI Efficiency Statistics Generator" />
    <property name="java.version" value="1.8.0_25" />
    <property name="user.timezone" value="America/New_York" />
    <property name="sun.arch.data.model" value="64" />
    <property name="test.src.dir" value="src/test/java" />
    <property name="java.endorsed.dirs" value="/usr/local/java/jdk1.8.0_25/jre/lib/endorsed" />
    <property name="sun.cpu.isalist" value="" />
    <property name="sun.jnu.encoding" value="UTF-8" />
    <property name="file.encoding.pkg" value="sun.io" />
    <property name="file.separator" value="/" />
    <property name="java.specification.name" value="Java Platform API Specification" />
    <property name="java.class.version" value="52.0" />
    <property name="user.country" value="US" />
    <property name="java.home" value="/usr/local/java/jdk1.8.0_25/jre" />
    <property name="java.vm.info" value="mixed mode" />
    <property name="ant.file" value="/mnt/Work-School-All/000/Workspace/Software-Testing/UIESG/build.xml" />
    <property name="os.version" value="3.13.0-48-generic" />
    <property name="path.separator" value=":" />
    <property name="java.vm.version" value="25.25-b02" />
    <property name="ant.library.dir" value="/usr/share/ant/lib" />
    <property name="test.doc.dir" value="testdoc" />
    <property name="java.awt.printerjob" value="sun.print.PSPrinterJob" />
    <property name="sun.io.unicode.encoding" value="UnicodeLittle" />
    <property name="awt.toolkit" value="sun.awt.X11.XToolkit" />
    <property name="_jacoco.agentFile" value="/tmp/jacocoagent842944897846212801.jar" />
    <property name="ant.file.type.UI Efficiency Statistics Generator" value="file" />
    <property name="user.home" value="/home/oalpha" />
    <property name="java.specification.vendor" value="Oracle Corporation" />
    <property name="java.library.path" value="/usr/java/packages/lib/amd64:/usr/lib64:/lib64:/lib:/usr/lib" />
    <property name="java.vendor.url" value="http://java.oracle.com/" />
    <property name="java.vm.vendor" value="Oracle Corporation" />
    <property name="java.runtime.name" value="Java(TM) SE Runtime Environment" />
    <property name="sun.java.command" value="org.apache.tools.ant.taskdefs.optional.junit.JUnitTestRunner edu.fgcu.stesting.uiesg.data.GraphOutputDataUnitTest skipNonTests=false filtertrace=true haltOnError=false haltOnFailure=false formatter=org.apache.tools.ant.taskdefs.optional.junit.SummaryJUnitResultFormatter showoutput=false outputtoformatters=true logfailedtests=true logtestlistenerevents=false formatter=org.apache.tools.ant.taskdefs.optional.junit.XMLJUnitResultFormatter,/mnt/Work-School-All/000/Workspace/Software-Testing/UIESG/reports/unit/TEST-edu.fgcu.stesting.uiesg.data.GraphOutputDataUnitTest.xml formatter=org.apache.tools.ant.taskdefs.optional.junit.PlainJUnitResultFormatter,/mnt/Work-School-All/000/Workspace/Software-Testing/UIESG/reports/unit/TEST-edu.fgcu.stesting.uiesg.data.GraphOutputDataUnitTest.txt crashfile=/mnt/Work-School-All/000/Workspace/Software-Testing/UIESG/junitvmwatcher2766402435119990986.properties propsfile=/mnt/Work-School-All/000/Workspace/Software-Testing/UIESG/junit4464387215922010387.properties" />
    <property name="java.class.path" value="/mnt/Work-School-All/000/Workspace/Software-Testing/UIESG/bin/classes:/mnt/Work-School-All/000/Workspace/Software-Testing/UIESG/jars/hamcrest-all-1.3.jar:/mnt/Work-School-All/000/Workspace/Software-Testing/UIESG/jars/jacocoagent.jar:/mnt/Work-School-All/000/Workspace/Software-Testing/UIESG/jars/jacocoant.jar:/mnt/Work-School-All/000/Workspace/Software-Testing/UIESG/jars/junit4.jar:/mnt/Work-School-All/000/Workspace/Software-Testing/UIESG/jars/org.jacoco.agent-0.7.4.201502262128.jar:/mnt/Work-School-All/000/Workspace/Software-Testing/UIESG/jars/org.jacoco.ant-0.7.4.201502262128.jar:/mnt/Work-School-All/000/Workspace/Software-Testing/UIESG/jars/org.jacoco.core-0.7.4.201502262128.jar:/mnt/Work-School-All/000/Workspace/Software-Testing/UIESG/jars/org.jacoco.report-0.7.4.201502262128.jar:/mnt/Work-School-All/000/Workspace/Software-Testing/UIESG/bin/test/classes:/usr/share/ant/lib/junit.jar:/usr/share/java/ant-launcher-1.9.3.jar:/usr/share/ant/lib/ant.jar:/usr/share/ant/lib/ant-junit.jar:/usr/share/ant/lib/ant-junit4.jar:/tmp/jacocoagent842944897846212801.jar" />
    <property name="ant.version" value="Apache Ant(TM) version 1.9.3 compiled on April 8 2014" />
    <property name="java.vm.specification.name" value="Java Virtual Machine Specification" />
    <property name="ant.file.type" value="file" />
    <property name="jars.dir" value="jars" />
    <property name="java.vm.specification.version" value="1.8" />
    <property name="sun.cpu.endian" value="little" />
    <property name="sun.os.patch.level" value="unknown" />
    <property name="java.io.tmpdir" value="/tmp" />
    <property name="java.vendor.url.bug" value="http://bugreport.sun.com/bugreport/" />
    <property name="os.arch" value="amd64" />
    <property name="java.awt.graphicsenv" value="sun.awt.X11GraphicsEnvironment" />
    <property name="java.ext.dirs" value="/usr/local/java/jdk1.8.0_25/jre/lib/ext:/usr/java/packages/lib/ext" />
    <property name="user.dir" value="/mnt/Work-School-All/000/Workspace/Software-Testing/UIESG" />
    <property name="line.separator" value="&#xa;" />
    <property name="java.vm.name" value="Java HotSpot(TM) 64-Bit Server VM" />
    <property name="reports.int.dir" value="reports/integration" />
    <property name="basedir" value="/mnt/Work-School-All/000/Workspace/Software-Testing/UIESG" />
    <property name="ant.java.version" value="1.8" />
    <property name="ant.core.lib" value="/usr/share/ant/lib/ant.jar" />
    <property name="file.encoding" value="UTF-8" />
    <property name="java.specification.version" value="1.8" />
    <property name="src.dir" value="src/main/java" />
    <property name="ant.project.invoked-targets" value="clean,test" />
  </properties>
  <testcase classname="edu.fgcu.stesting.uiesg.data.GraphOutputDataUnitTest" name="testOrder" time="0.101">
    <error message="test not implemented" type="java.lang.RuntimeException">java.lang.RuntimeException: test not implemented
	at edu.fgcu.stesting.uiesg.data.GraphOutputDataUnitTest.testOrder(Unknown Source)
</error>
  </testcase>
  <testcase classname="edu.fgcu.stesting.uiesg.data.GraphOutputDataUnitTest" name="testSize" time="0.02">
    <error message="test not implemented" type="java.lang.RuntimeException">java.lang.RuntimeException: test not implemented
	at edu.fgcu.stesting.uiesg.data.GraphOutputDataUnitTest.testSize(Unknown Source)
</error>
  </testcase>
  <testcase classname="edu.fgcu.stesting.uiesg.data.GraphOutputDataUnitTest" name="testConstructor" time="0.009">
    <error message="test not implemented" type="java.lang.RuntimeException">java.lang.RuntimeException: test not implemented
	at edu.fgcu.stesting.uiesg.data.GraphOutputDataUnitTest.testConstructor(Unknown Source)
</error>
  </testcase>
  <system-out><![CDATA[]]></system-out>
  <system-err><![CDATA[]]></system-err>
</testsuite>
