<?xml version="1.0" encoding="UTF-8" ?>
<testsuite errors="16" failures="0" hostname="oalpha-HP-2000-Notebook-PC" name="edu.fgcu.stesting.uiesg.UnitTest" skipped="0" tests="36" time="1.334" timestamp="2015-04-21T04:59:02">
  <properties>
    <property name="java.vendor" value="Oracle Corporation" />
    <property name="ant.file.UI Efficiency Statistics Generator" value="/mnt/Work-School-All/000/Workspace/Software-Testing/UIESG/build.xml" />
    <property name="sun.java.launcher" value="SUN_STANDARD" />
    <property name="sun.management.compiler" value="HotSpot 64-Bit Tiered Compilers" />
    <property name="os.name" value="Linux" />
    <property name="sun.boot.class.path" value="/usr/local/java/jdk1.8.0_25/jre/lib/resources.jar:/usr/local/java/jdk1.8.0_25/jre/lib/rt.jar:/usr/local/java/jdk1.8.0_25/jre/lib/sunrsasign.jar:/usr/local/java/jdk1.8.0_25/jre/lib/jsse.jar:/usr/local/java/jdk1.8.0_25/jre/lib/jce.jar:/usr/local/java/jdk1.8.0_25/jre/lib/charsets.jar:/usr/local/java/jdk1.8.0_25/jre/lib/jfr.jar:/usr/local/java/jdk1.8.0_25/jre/classes" />
    <property name="reports.unit.dir" value="reports/unit" />
    <property name="reports.jacoco.dir" value="reports/coverage" />
    <property name="sun.desktop" value="gnome" />
    <property name="java.vm.specification.vendor" value="Oracle Corporation" />
    <property name="ant.home" value="/usr/share/ant" />
    <property name="java.runtime.version" value="1.8.0_25-b17" />
    <property name="test.build.dir" value="bin/test/classes" />
    <property name="user.name" value="oalpha" />
    <property name="build.dir" value="bin/classes" />
    <property name="user.language" value="en" />
    <property name="sun.boot.library.path" value="/usr/local/java/jdk1.8.0_25/jre/lib/amd64" />
    <property name="ant.project.default-target" value="build" />
    <property name="doc.dir" value="doc" />
    <property name="ant.project.name" value="UI Efficiency Statistics Generator" />
    <property name="java.version" value="1.8.0_25" />
    <property name="user.timezone" value="America/New_York" />
    <property name="sun.arch.data.model" value="64" />
    <property name="test.src.dir" value="src/test/java" />
    <property name="java.endorsed.dirs" value="/usr/local/java/jdk1.8.0_25/jre/lib/endorsed" />
    <property name="sun.cpu.isalist" value="" />
    <property name="sun.jnu.encoding" value="UTF-8" />
    <property name="file.encoding.pkg" value="sun.io" />
    <property name="file.separator" value="/" />
    <property name="java.specification.name" value="Java Platform API Specification" />
    <property name="java.class.version" value="52.0" />
    <property name="user.country" value="US" />
    <property name="java.home" value="/usr/local/java/jdk1.8.0_25/jre" />
    <property name="java.vm.info" value="mixed mode" />
    <property name="ant.file" value="/mnt/Work-School-All/000/Workspace/Software-Testing/UIESG/build.xml" />
    <property name="os.version" value="3.13.0-49-generic" />
    <property name="path.separator" value=":" />
    <property name="java.vm.version" value="25.25-b02" />
    <property name="ant.library.dir" value="/usr/share/ant/lib" />
    <property name="test.doc.dir" value="testdoc" />
    <property name="java.awt.printerjob" value="sun.print.PSPrinterJob" />
    <property name="sun.io.unicode.encoding" value="UnicodeLittle" />
    <property name="awt.toolkit" value="sun.awt.X11.XToolkit" />
    <property name="_jacoco.agentFile" value="/tmp/jacocoagent6436138744799559558.jar" />
    <property name="ant.file.type.UI Efficiency Statistics Generator" value="file" />
    <property name="user.home" value="/home/oalpha" />
    <property name="java.specification.vendor" value="Oracle Corporation" />
    <property name="java.library.path" value="/usr/java/packages/lib/amd64:/usr/lib64:/lib64:/lib:/usr/lib" />
    <property name="java.vendor.url" value="http://java.oracle.com/" />
    <property name="java.vm.vendor" value="Oracle Corporation" />
    <property name="java.runtime.name" value="Java(TM) SE Runtime Environment" />
    <property name="sun.java.command" value="org.apache.tools.ant.taskdefs.optional.junit.JUnitTestRunner edu.fgcu.stesting.uiesg.UnitTest skipNonTests=false filtertrace=true haltOnError=false haltOnFailure=false formatter=org.apache.tools.ant.taskdefs.optional.junit.SummaryJUnitResultFormatter showoutput=false outputtoformatters=true logfailedtests=true logtestlistenerevents=false formatter=org.apache.tools.ant.taskdefs.optional.junit.XMLJUnitResultFormatter,/mnt/Work-School-All/000/Workspace/Software-Testing/UIESG/reports/unit/TEST-edu.fgcu.stesting.uiesg.UnitTest.xml formatter=org.apache.tools.ant.taskdefs.optional.junit.PlainJUnitResultFormatter,/mnt/Work-School-All/000/Workspace/Software-Testing/UIESG/reports/unit/TEST-edu.fgcu.stesting.uiesg.UnitTest.txt crashfile=/mnt/Work-School-All/000/Workspace/Software-Testing/UIESG/junitvmwatcher4180920129557181858.properties propsfile=/mnt/Work-School-All/000/Workspace/Software-Testing/UIESG/junit5316397475112051332.properties" />
    <property name="java.class.path" value="/mnt/Work-School-All/000/Workspace/Software-Testing/UIESG/bin/classes:/mnt/Work-School-All/000/Workspace/Software-Testing/UIESG/jars/hamcrest-all-1.3.jar:/mnt/Work-School-All/000/Workspace/Software-Testing/UIESG/jars/jacocoagent.jar:/mnt/Work-School-All/000/Workspace/Software-Testing/UIESG/jars/jacocoant.jar:/mnt/Work-School-All/000/Workspace/Software-Testing/UIESG/jars/javafx-mx.jar:/mnt/Work-School-All/000/Workspace/Software-Testing/UIESG/jars/junit4.jar:/mnt/Work-School-All/000/Workspace/Software-Testing/UIESG/jars/org.jacoco.agent-0.7.4.201502262128.jar:/mnt/Work-School-All/000/Workspace/Software-Testing/UIESG/jars/org.jacoco.ant-0.7.4.201502262128.jar:/mnt/Work-School-All/000/Workspace/Software-Testing/UIESG/jars/org.jacoco.core-0.7.4.201502262128.jar:/mnt/Work-School-All/000/Workspace/Software-Testing/UIESG/jars/org.jacoco.report-0.7.4.201502262128.jar:/mnt/Work-School-All/000/Workspace/Software-Testing/UIESG/bin/test/classes:/usr/share/ant/lib/junit.jar:/usr/share/java/ant-launcher-1.9.3.jar:/usr/share/ant/lib/ant.jar:/usr/share/ant/lib/ant-junit.jar:/usr/share/ant/lib/ant-junit4.jar:/tmp/jacocoagent6436138744799559558.jar" />
    <property name="ant.version" value="Apache Ant(TM) version 1.9.3 compiled on April 8 2014" />
    <property name="java.vm.specification.name" value="Java Virtual Machine Specification" />
    <property name="ant.file.type" value="file" />
    <property name="jars.dir" value="jars" />
    <property name="java.vm.specification.version" value="1.8" />
    <property name="sun.cpu.endian" value="little" />
    <property name="sun.os.patch.level" value="unknown" />
    <property name="java.io.tmpdir" value="/tmp" />
    <property name="java.vendor.url.bug" value="http://bugreport.sun.com/bugreport/" />
    <property name="os.arch" value="amd64" />
    <property name="java.awt.graphicsenv" value="sun.awt.X11GraphicsEnvironment" />
    <property name="java.ext.dirs" value="/usr/local/java/jdk1.8.0_25/jre/lib/ext:/usr/java/packages/lib/ext" />
    <property name="user.dir" value="/mnt/Work-School-All/000/Workspace/Software-Testing/UIESG" />
    <property name="line.separator" value="&#xa;" />
    <property name="java.vm.name" value="Java HotSpot(TM) 64-Bit Server VM" />
    <property name="reports.int.dir" value="reports/integration" />
    <property name="basedir" value="/mnt/Work-School-All/000/Workspace/Software-Testing/UIESG" />
    <property name="ant.java.version" value="1.8" />
    <property name="ant.core.lib" value="/usr/share/ant/lib/ant.jar" />
    <property name="file.encoding" value="UTF-8" />
    <property name="java.specification.version" value="1.8" />
    <property name="src.dir" value="src/main/java" />
    <property name="ant.project.invoked-targets" value="test" />
  </properties>
  <testcase classname="edu.fgcu.stesting.uiesg.data.GraphOutputDataUnitTest" name="testConstructorDefault" time="0.045" />
  <testcase classname="edu.fgcu.stesting.uiesg.data.GraphOutputDataUnitTest" name="testGetNodeAsEdge" time="0.002" />
  <testcase classname="edu.fgcu.stesting.uiesg.data.GraphOutputDataUnitTest" name="testAddEdge" time="0.002" />
  <testcase classname="edu.fgcu.stesting.uiesg.data.GraphOutputDataUnitTest" name="testAddNode" time="0.001" />
  <testcase classname="edu.fgcu.stesting.uiesg.data.GraphOutputDataUnitTest" name="testOrder" time="0.001" />
  <testcase classname="edu.fgcu.stesting.uiesg.data.GraphOutputDataUnitTest" name="testLock" time="0.002" />
  <testcase classname="edu.fgcu.stesting.uiesg.data.GraphOutputDataUnitTest" name="testSize" time="0.001" />
  <testcase classname="edu.fgcu.stesting.uiesg.data.GraphOutputDataUnitTest" name="testAddActionLocked" time="0.004" />
  <testcase classname="edu.fgcu.stesting.uiesg.data.GraphOutputDataUnitTest" name="testGetEdgeAsNode" time="0.004" />
  <testcase classname="edu.fgcu.stesting.uiesg.data.GraphOutputDataUnitTest" name="testGetEdge" time="0.002" />
  <testcase classname="edu.fgcu.stesting.uiesg.data.GraphOutputDataUnitTest" name="testGetNode" time="0.001" />
  <testcase classname="edu.fgcu.stesting.uiesg.data.GraphOutputDataUnitTest" name="testGetAction" time="0.001" />
  <testcase classname="edu.fgcu.stesting.uiesg.data.GraphOutputDataUnitTest" name="testConstructorIterator" time="0.003" />
  <testcase classname="edu.fgcu.stesting.uiesg.data.GraphOutputDataUnitTest" name="testIndexOf" time="0.001" />
  <testcase classname="edu.fgcu.stesting.uiesg.data.MouseActionInputDataUnitTest" name="testGetRange" time="0.01" />
  <testcase classname="edu.fgcu.stesting.uiesg.data.MouseActionInputDataUnitTest" name="TestAddPointFault" time="0.001" />
  <testcase classname="edu.fgcu.stesting.uiesg.data.MouseActionInputDataUnitTest" name="testSize" time="0.001" />
  <testcase classname="edu.fgcu.stesting.uiesg.data.MouseActionInputDataUnitTest" name="testAddPointFault" time="0.001" />
  <testcase classname="edu.fgcu.stesting.uiesg.data.MouseActionInputDataUnitTest" name="testAddPoint" time="0.001" />
  <testcase classname="edu.fgcu.stesting.uiesg.data.MouseActionInputDataUnitTest" name="testTimeStamp" time="0.0" />
  <testcase classname="edu.fgcu.stesting.uiesg.data.SiteEfficiencyDataUnitTest" name="testCalculateStatisticsLoaded" time="0.127">
    <error message="src/test/java/edu/fgcu/stesting/uiesg/data/datafiles/wikipedia.org.sed" type="java.nio.file.NoSuchFileException">java.nio.file.NoSuchFileException: src/test/java/edu/fgcu/stesting/uiesg/data/datafiles/wikipedia.org.sed
	at sun.nio.fs.UnixException.translateToIOException(UnixException.java:86)
	at sun.nio.fs.UnixException.rethrowAsIOException(UnixException.java:102)
	at sun.nio.fs.UnixException.rethrowAsIOException(UnixException.java:107)
	at sun.nio.fs.UnixCopyFile.copy(UnixCopyFile.java:526)
	at sun.nio.fs.UnixFileSystemProvider.copy(UnixFileSystemProvider.java:253)
	at java.nio.file.Files.copy(Files.java:1274)
	at edu.fgcu.stesting.uiesg.data.SiteEfficiencyDataUnitTest.before(SiteEfficiencyDataUnitTest.java:158)
</error>
  </testcase>
  <testcase classname="edu.fgcu.stesting.uiesg.data.SiteEfficiencyDataUnitTest" name="testCompileMouseDataLoaded" time="0.012">
    <error message="src/test/java/edu/fgcu/stesting/uiesg/data/datafiles/wikipedia.org.sed" type="java.nio.file.NoSuchFileException">java.nio.file.NoSuchFileException: src/test/java/edu/fgcu/stesting/uiesg/data/datafiles/wikipedia.org.sed
	at sun.nio.fs.UnixException.translateToIOException(UnixException.java:86)
	at sun.nio.fs.UnixException.rethrowAsIOException(UnixException.java:102)
	at sun.nio.fs.UnixException.rethrowAsIOException(UnixException.java:107)
	at sun.nio.fs.UnixCopyFile.copy(UnixCopyFile.java:526)
	at sun.nio.fs.UnixFileSystemProvider.copy(UnixFileSystemProvider.java:253)
	at java.nio.file.Files.copy(Files.java:1274)
	at edu.fgcu.stesting.uiesg.data.SiteEfficiencyDataUnitTest.before(SiteEfficiencyDataUnitTest.java:158)
</error>
  </testcase>
  <testcase classname="edu.fgcu.stesting.uiesg.data.SiteEfficiencyDataUnitTest" name="testNewMouseDataLoaded" time="0.011">
    <error message="src/test/java/edu/fgcu/stesting/uiesg/data/datafiles/wikipedia.org.sed" type="java.nio.file.NoSuchFileException">java.nio.file.NoSuchFileException: src/test/java/edu/fgcu/stesting/uiesg/data/datafiles/wikipedia.org.sed
	at sun.nio.fs.UnixException.translateToIOException(UnixException.java:86)
	at sun.nio.fs.UnixException.rethrowAsIOException(UnixException.java:102)
	at sun.nio.fs.UnixException.rethrowAsIOException(UnixException.java:107)
	at sun.nio.fs.UnixCopyFile.copy(UnixCopyFile.java:526)
	at sun.nio.fs.UnixFileSystemProvider.copy(UnixFileSystemProvider.java:253)
	at java.nio.file.Files.copy(Files.java:1274)
	at edu.fgcu.stesting.uiesg.data.SiteEfficiencyDataUnitTest.before(SiteEfficiencyDataUnitTest.java:158)
</error>
  </testcase>
  <testcase classname="edu.fgcu.stesting.uiesg.data.SiteEfficiencyDataUnitTest" name="testGetForDomainExistsWithFile" time="0.011">
    <error message="src/test/java/edu/fgcu/stesting/uiesg/data/datafiles/wikipedia.org.sed" type="java.nio.file.NoSuchFileException">java.nio.file.NoSuchFileException: src/test/java/edu/fgcu/stesting/uiesg/data/datafiles/wikipedia.org.sed
	at sun.nio.fs.UnixException.translateToIOException(UnixException.java:86)
	at sun.nio.fs.UnixException.rethrowAsIOException(UnixException.java:102)
	at sun.nio.fs.UnixException.rethrowAsIOException(UnixException.java:107)
	at sun.nio.fs.UnixCopyFile.copy(UnixCopyFile.java:526)
	at sun.nio.fs.UnixFileSystemProvider.copy(UnixFileSystemProvider.java:253)
	at java.nio.file.Files.copy(Files.java:1274)
	at edu.fgcu.stesting.uiesg.data.SiteEfficiencyDataUnitTest.before(SiteEfficiencyDataUnitTest.java:158)
</error>
  </testcase>
  <testcase classname="edu.fgcu.stesting.uiesg.data.SiteEfficiencyDataUnitTest" name="testIsLoadedNotLoaded" time="0.03">
    <error message="src/test/java/edu/fgcu/stesting/uiesg/data/datafiles/wikipedia.org.sed" type="java.nio.file.NoSuchFileException">java.nio.file.NoSuchFileException: src/test/java/edu/fgcu/stesting/uiesg/data/datafiles/wikipedia.org.sed
	at sun.nio.fs.UnixException.translateToIOException(UnixException.java:86)
	at sun.nio.fs.UnixException.rethrowAsIOException(UnixException.java:102)
	at sun.nio.fs.UnixException.rethrowAsIOException(UnixException.java:107)
	at sun.nio.fs.UnixCopyFile.copy(UnixCopyFile.java:526)
	at sun.nio.fs.UnixFileSystemProvider.copy(UnixFileSystemProvider.java:253)
	at java.nio.file.Files.copy(Files.java:1274)
	at edu.fgcu.stesting.uiesg.data.SiteEfficiencyDataUnitTest.before(SiteEfficiencyDataUnitTest.java:158)
</error>
  </testcase>
  <testcase classname="edu.fgcu.stesting.uiesg.data.SiteEfficiencyDataUnitTest" name="testGetForDomainNotExists" time="0.006">
    <error message="src/test/java/edu/fgcu/stesting/uiesg/data/datafiles/wikipedia.org.sed" type="java.nio.file.NoSuchFileException">java.nio.file.NoSuchFileException: src/test/java/edu/fgcu/stesting/uiesg/data/datafiles/wikipedia.org.sed
	at sun.nio.fs.UnixException.translateToIOException(UnixException.java:86)
	at sun.nio.fs.UnixException.rethrowAsIOException(UnixException.java:102)
	at sun.nio.fs.UnixException.rethrowAsIOException(UnixException.java:107)
	at sun.nio.fs.UnixCopyFile.copy(UnixCopyFile.java:526)
	at sun.nio.fs.UnixFileSystemProvider.copy(UnixFileSystemProvider.java:253)
	at java.nio.file.Files.copy(Files.java:1274)
	at edu.fgcu.stesting.uiesg.data.SiteEfficiencyDataUnitTest.before(SiteEfficiencyDataUnitTest.java:158)
</error>
  </testcase>
  <testcase classname="edu.fgcu.stesting.uiesg.data.SiteEfficiencyDataUnitTest" name="testLoadDataFileNotExists" time="0.005">
    <error message="src/test/java/edu/fgcu/stesting/uiesg/data/datafiles/wikipedia.org.sed" type="java.nio.file.NoSuchFileException">java.nio.file.NoSuchFileException: src/test/java/edu/fgcu/stesting/uiesg/data/datafiles/wikipedia.org.sed
	at sun.nio.fs.UnixException.translateToIOException(UnixException.java:86)
	at sun.nio.fs.UnixException.rethrowAsIOException(UnixException.java:102)
	at sun.nio.fs.UnixException.rethrowAsIOException(UnixException.java:107)
	at sun.nio.fs.UnixCopyFile.copy(UnixCopyFile.java:526)
	at sun.nio.fs.UnixFileSystemProvider.copy(UnixFileSystemProvider.java:253)
	at java.nio.file.Files.copy(Files.java:1274)
	at edu.fgcu.stesting.uiesg.data.SiteEfficiencyDataUnitTest.before(SiteEfficiencyDataUnitTest.java:158)
</error>
  </testcase>
  <testcase classname="edu.fgcu.stesting.uiesg.data.SiteEfficiencyDataUnitTest" name="testUnloadDataLoaded" time="0.004">
    <error message="src/test/java/edu/fgcu/stesting/uiesg/data/datafiles/wikipedia.org.sed" type="java.nio.file.NoSuchFileException">java.nio.file.NoSuchFileException: src/test/java/edu/fgcu/stesting/uiesg/data/datafiles/wikipedia.org.sed
	at sun.nio.fs.UnixException.translateToIOException(UnixException.java:86)
	at sun.nio.fs.UnixException.rethrowAsIOException(UnixException.java:102)
	at sun.nio.fs.UnixException.rethrowAsIOException(UnixException.java:107)
	at sun.nio.fs.UnixCopyFile.copy(UnixCopyFile.java:526)
	at sun.nio.fs.UnixFileSystemProvider.copy(UnixFileSystemProvider.java:253)
	at java.nio.file.Files.copy(Files.java:1274)
	at edu.fgcu.stesting.uiesg.data.SiteEfficiencyDataUnitTest.before(SiteEfficiencyDataUnitTest.java:158)
</error>
  </testcase>
  <testcase classname="edu.fgcu.stesting.uiesg.data.SiteEfficiencyDataUnitTest" name="testIsLoadedLoaded" time="0.016">
    <error message="src/test/java/edu/fgcu/stesting/uiesg/data/datafiles/wikipedia.org.sed" type="java.nio.file.NoSuchFileException">java.nio.file.NoSuchFileException: src/test/java/edu/fgcu/stesting/uiesg/data/datafiles/wikipedia.org.sed
	at sun.nio.fs.UnixException.translateToIOException(UnixException.java:86)
	at sun.nio.fs.UnixException.rethrowAsIOException(UnixException.java:102)
	at sun.nio.fs.UnixException.rethrowAsIOException(UnixException.java:107)
	at sun.nio.fs.UnixCopyFile.copy(UnixCopyFile.java:526)
	at sun.nio.fs.UnixFileSystemProvider.copy(UnixFileSystemProvider.java:253)
	at java.nio.file.Files.copy(Files.java:1274)
	at edu.fgcu.stesting.uiesg.data.SiteEfficiencyDataUnitTest.before(SiteEfficiencyDataUnitTest.java:158)
</error>
  </testcase>
  <testcase classname="edu.fgcu.stesting.uiesg.data.SiteEfficiencyDataUnitTest" name="testNewMouseDataNotLoaded" time="0.004">
    <error message="src/test/java/edu/fgcu/stesting/uiesg/data/datafiles/wikipedia.org.sed" type="java.nio.file.NoSuchFileException">java.nio.file.NoSuchFileException: src/test/java/edu/fgcu/stesting/uiesg/data/datafiles/wikipedia.org.sed
	at sun.nio.fs.UnixException.translateToIOException(UnixException.java:86)
	at sun.nio.fs.UnixException.rethrowAsIOException(UnixException.java:102)
	at sun.nio.fs.UnixException.rethrowAsIOException(UnixException.java:107)
	at sun.nio.fs.UnixCopyFile.copy(UnixCopyFile.java:526)
	at sun.nio.fs.UnixFileSystemProvider.copy(UnixFileSystemProvider.java:253)
	at java.nio.file.Files.copy(Files.java:1274)
	at edu.fgcu.stesting.uiesg.data.SiteEfficiencyDataUnitTest.before(SiteEfficiencyDataUnitTest.java:158)
</error>
  </testcase>
  <testcase classname="edu.fgcu.stesting.uiesg.data.SiteEfficiencyDataUnitTest" name="testLoadDataFileExists" time="0.004">
    <error message="src/test/java/edu/fgcu/stesting/uiesg/data/datafiles/wikipedia.org.sed" type="java.nio.file.NoSuchFileException">java.nio.file.NoSuchFileException: src/test/java/edu/fgcu/stesting/uiesg/data/datafiles/wikipedia.org.sed
	at sun.nio.fs.UnixException.translateToIOException(UnixException.java:86)
	at sun.nio.fs.UnixException.rethrowAsIOException(UnixException.java:102)
	at sun.nio.fs.UnixException.rethrowAsIOException(UnixException.java:107)
	at sun.nio.fs.UnixCopyFile.copy(UnixCopyFile.java:526)
	at sun.nio.fs.UnixFileSystemProvider.copy(UnixFileSystemProvider.java:253)
	at java.nio.file.Files.copy(Files.java:1274)
	at edu.fgcu.stesting.uiesg.data.SiteEfficiencyDataUnitTest.before(SiteEfficiencyDataUnitTest.java:158)
</error>
  </testcase>
  <testcase classname="edu.fgcu.stesting.uiesg.data.SiteEfficiencyDataUnitTest" name="testLoadDataFileLoaded" time="0.004">
    <error message="src/test/java/edu/fgcu/stesting/uiesg/data/datafiles/wikipedia.org.sed" type="java.nio.file.NoSuchFileException">java.nio.file.NoSuchFileException: src/test/java/edu/fgcu/stesting/uiesg/data/datafiles/wikipedia.org.sed
	at sun.nio.fs.UnixException.translateToIOException(UnixException.java:86)
	at sun.nio.fs.UnixException.rethrowAsIOException(UnixException.java:102)
	at sun.nio.fs.UnixException.rethrowAsIOException(UnixException.java:107)
	at sun.nio.fs.UnixCopyFile.copy(UnixCopyFile.java:526)
	at sun.nio.fs.UnixFileSystemProvider.copy(UnixFileSystemProvider.java:253)
	at java.nio.file.Files.copy(Files.java:1274)
	at edu.fgcu.stesting.uiesg.data.SiteEfficiencyDataUnitTest.before(SiteEfficiencyDataUnitTest.java:158)
</error>
  </testcase>
  <testcase classname="edu.fgcu.stesting.uiesg.data.SiteEfficiencyDataUnitTest" name="testUnloadDataNotLoaded" time="0.004">
    <error message="src/test/java/edu/fgcu/stesting/uiesg/data/datafiles/wikipedia.org.sed" type="java.nio.file.NoSuchFileException">java.nio.file.NoSuchFileException: src/test/java/edu/fgcu/stesting/uiesg/data/datafiles/wikipedia.org.sed
	at sun.nio.fs.UnixException.translateToIOException(UnixException.java:86)
	at sun.nio.fs.UnixException.rethrowAsIOException(UnixException.java:102)
	at sun.nio.fs.UnixException.rethrowAsIOException(UnixException.java:107)
	at sun.nio.fs.UnixCopyFile.copy(UnixCopyFile.java:526)
	at sun.nio.fs.UnixFileSystemProvider.copy(UnixFileSystemProvider.java:253)
	at java.nio.file.Files.copy(Files.java:1274)
	at edu.fgcu.stesting.uiesg.data.SiteEfficiencyDataUnitTest.before(SiteEfficiencyDataUnitTest.java:158)
</error>
  </testcase>
  <testcase classname="edu.fgcu.stesting.uiesg.data.SiteEfficiencyDataUnitTest" name="testCalculateStatisticsNotLoaded" time="0.004">
    <error message="src/test/java/edu/fgcu/stesting/uiesg/data/datafiles/wikipedia.org.sed" type="java.nio.file.NoSuchFileException">java.nio.file.NoSuchFileException: src/test/java/edu/fgcu/stesting/uiesg/data/datafiles/wikipedia.org.sed
	at sun.nio.fs.UnixException.translateToIOException(UnixException.java:86)
	at sun.nio.fs.UnixException.rethrowAsIOException(UnixException.java:102)
	at sun.nio.fs.UnixException.rethrowAsIOException(UnixException.java:107)
	at sun.nio.fs.UnixCopyFile.copy(UnixCopyFile.java:526)
	at sun.nio.fs.UnixFileSystemProvider.copy(UnixFileSystemProvider.java:253)
	at java.nio.file.Files.copy(Files.java:1274)
	at edu.fgcu.stesting.uiesg.data.SiteEfficiencyDataUnitTest.before(SiteEfficiencyDataUnitTest.java:158)
</error>
  </testcase>
  <testcase classname="edu.fgcu.stesting.uiesg.data.SiteEfficiencyDataUnitTest" name="testCompileMouseDataNotLoaded" time="0.004">
    <error message="src/test/java/edu/fgcu/stesting/uiesg/data/datafiles/wikipedia.org.sed" type="java.nio.file.NoSuchFileException">java.nio.file.NoSuchFileException: src/test/java/edu/fgcu/stesting/uiesg/data/datafiles/wikipedia.org.sed
	at sun.nio.fs.UnixException.translateToIOException(UnixException.java:86)
	at sun.nio.fs.UnixException.rethrowAsIOException(UnixException.java:102)
	at sun.nio.fs.UnixException.rethrowAsIOException(UnixException.java:107)
	at sun.nio.fs.UnixCopyFile.copy(UnixCopyFile.java:526)
	at sun.nio.fs.UnixFileSystemProvider.copy(UnixFileSystemProvider.java:253)
	at java.nio.file.Files.copy(Files.java:1274)
	at edu.fgcu.stesting.uiesg.data.SiteEfficiencyDataUnitTest.before(SiteEfficiencyDataUnitTest.java:158)
</error>
  </testcase>
  <testcase classname="edu.fgcu.stesting.uiesg.data.SiteEfficiencyDataUnitTest" name="testGetForDomainExistsNoFile" time="0.008">
    <error message="src/test/java/edu/fgcu/stesting/uiesg/data/datafiles/wikipedia.org.sed" type="java.nio.file.NoSuchFileException">java.nio.file.NoSuchFileException: src/test/java/edu/fgcu/stesting/uiesg/data/datafiles/wikipedia.org.sed
	at sun.nio.fs.UnixException.translateToIOException(UnixException.java:86)
	at sun.nio.fs.UnixException.rethrowAsIOException(UnixException.java:102)
	at sun.nio.fs.UnixException.rethrowAsIOException(UnixException.java:107)
	at sun.nio.fs.UnixCopyFile.copy(UnixCopyFile.java:526)
	at sun.nio.fs.UnixFileSystemProvider.copy(UnixFileSystemProvider.java:253)
	at java.nio.file.Files.copy(Files.java:1274)
	at edu.fgcu.stesting.uiesg.data.SiteEfficiencyDataUnitTest.before(SiteEfficiencyDataUnitTest.java:158)
</error>
  </testcase>
  <system-out><![CDATA[0
]]></system-out>
  <system-err><![CDATA[java.io.FileNotFoundException: src/test/java/edu/fgcu/stesting/uiesg/data/datafiles/wikipedia.org.sed (No such file or directory)
	at java.io.FileOutputStream.open(Native Method)
	at java.io.FileOutputStream.<init>(FileOutputStream.java:213)
	at java.io.FileOutputStream.<init>(FileOutputStream.java:162)
	at edu.fgcu.stesting.uiesg.data.SiteEfficiencyDataUnitTest.setup(SiteEfficiencyDataUnitTest.java:93)
	at sun.reflect.NativeMethodAccessorImpl.invoke0(Native Method)
	at sun.reflect.NativeMethodAccessorImpl.invoke(NativeMethodAccessorImpl.java:62)
	at sun.reflect.DelegatingMethodAccessorImpl.invoke(DelegatingMethodAccessorImpl.java:43)
	at java.lang.reflect.Method.invoke(Method.java:483)
	at org.junit.runners.model.FrameworkMethod$1.runReflectiveCall(FrameworkMethod.java:47)
	at org.junit.internal.runners.model.ReflectiveCallable.run(ReflectiveCallable.java:12)
	at org.junit.runners.model.FrameworkMethod.invokeExplosively(FrameworkMethod.java:44)
	at org.junit.internal.runners.statements.RunBefores.evaluate(RunBefores.java:24)
	at org.junit.internal.runners.statements.RunAfters.evaluate(RunAfters.java:27)
	at org.junit.runners.ParentRunner.run(ParentRunner.java:309)
	at org.junit.runners.Suite.runChild(Suite.java:127)
	at org.junit.runners.Suite.runChild(Suite.java:26)
	at org.junit.runners.ParentRunner$3.run(ParentRunner.java:238)
	at org.junit.runners.ParentRunner$1.schedule(ParentRunner.java:63)
	at org.junit.runners.ParentRunner.runChildren(ParentRunner.java:236)
	at org.junit.runners.ParentRunner.access$000(ParentRunner.java:53)
	at org.junit.runners.ParentRunner$2.evaluate(ParentRunner.java:229)
	at org.junit.runners.ParentRunner.run(ParentRunner.java:309)
	at junit.framework.JUnit4TestAdapter.run(JUnit4TestAdapter.java:38)
	at org.apache.tools.ant.taskdefs.optional.junit.JUnitTestRunner.run(JUnitTestRunner.java:532)
	at org.apache.tools.ant.taskdefs.optional.junit.JUnitTestRunner.launch(JUnitTestRunner.java:1165)
	at org.apache.tools.ant.taskdefs.optional.junit.JUnitTestRunner.main(JUnitTestRunner.java:1016)
]]></system-err>
</testsuite>
